[debug] > Exec(early(addDefaultCommands), None, None)
[debug] > Exec(addDefaultCommands, None, None)
[debug] > Exec(early(initialize), None, None)
[debug] > Exec(initialize, None, None)
[debug] > Exec(boot, None, None)
[debug] > Exec(writeSbtVersion, None, None)
[debug] > Exec(reload, None, None)
[debug] > Exec(sbtStashOnFailure, None, None)
[debug] > Exec(onFailure loadFailed, None, None)
[debug] > Exec(loadp, None, None)
[info] welcome to sbt 1.5.0 (Ubuntu Java 11.0.11)
[debug]       Load.loadUnit: plugins took 59.961503ms
[debug]       Load.loadUnit: defsScala took 0.335688ms
[debug] [Loading] Scanning directory /home/juba/.sbt/1.0/plugins
[debug] [Loading] Found non-root projects 
[debug] [Loading] Done in /home/juba/.sbt/1.0/plugins, returning: ()
[debug] deducing auto plugins based on known facts Set(Atom(sbt.plugins.CorePlugin)) and clauses Clauses(Clause(Atom(sbt.plugins.JvmPlugin),Set(Atom(sbt.plugins.IvyPlugin)))
[debug] Clause(Atom(sbt.ScriptedPlugin),Set(Atom(sbt.plugins.JvmPlugin)))
[debug] Clause(Atom(sbt.plugins.SbtPlugin),Set(Atom(sbt.ScriptedPlugin)))
[debug] Clause(Atom(sbt.plugins.SemanticdbPlugin),Set(Atom(sbt.plugins.JvmPlugin)))
[debug] Clause(Atom(sbt.plugins.JUnitXmlReportPlugin),Set(Atom(sbt.plugins.JvmPlugin)))
[debug] Clause(Atom(sbt.plugins.MiniDependencyTreePlugin),Set(Atom(sbt.plugins.JvmPlugin)))
[debug] Clause(Atom(sbt.plugins.CorePlugin),Set(Atom(sbt.plugins.IvyPlugin)))
[debug] Clause(Atom(sbt.plugins.IvyPlugin),Set(Atom(sbt.plugins.JvmPlugin)))
[debug] Clause(Atom(sbt.plugins.JvmPlugin),Set(Atom(sbt.plugins.SemanticdbPlugin)))
[debug] Clause(Atom(sbt.plugins.JvmPlugin),Set(Atom(sbt.plugins.JUnitXmlReportPlugin)))
[debug] Clause(Atom(sbt.plugins.CorePlugin),Set(Atom(sbt.plugins.Giter8TemplatePlugin)))
[debug] Clause(Atom(sbt.plugins.JvmPlugin),Set(Atom(sbt.plugins.MiniDependencyTreePlugin))))
[debug]   :: deduced result: Matched(sbt.plugins.CorePlugin,sbt.plugins.Giter8TemplatePlugin,sbt.plugins.IvyPlugin,sbt.plugins.JvmPlugin,sbt.plugins.MiniDependencyTreePlugin,sbt.plugins.JUnitXmlReportPlugin,sbt.plugins.SemanticdbPlugin)
[debug] Plugins.deducer#function took 13.036973 ms
[debug]           Load.resolveProject(global-plugins) took 34.209068ms
[debug]         Load.loadTransitive: finalizeProject(Project(id global-plugins, base: /home/juba/.sbt/1.0/plugins, plugins: List(<none>))) took 70.822857ms
[debug] [Loading] Done in /home/juba/.sbt/1.0/plugins, returning: (global-plugins)
[debug]       Load.loadUnit: loadedProjectsRaw took 87.090381ms
[debug]       Load.loadUnit: cleanEvalClasses took 0.205793ms
[debug]     Load.loadUnit(file:/home/juba/.sbt/1.0/plugins/, ...) took 154.025159ms
[debug]   Load.apply: load took 353.953213ms
[debug]   Load.apply: resolveProjects took 8.357597ms
[debug]   Load.apply: finalTransforms took 67.742137ms
[debug]   Load.apply: config.delegates took 8.361045ms
[debug]   Load.apply: Def.make(settings)... took 380.735194ms
[debug]   Load.apply: structureIndex took 110.432416ms
[debug]   Load.apply: mkStreams took 1.225534ms
[info] loading global plugins from /home/juba/.sbt/1.0/plugins
[debug] Running task... Cancel: Signal, check cycles: false, forcegc: true
[debug] Load.defaultLoad until apply took 2137.501193ms
[debug]           Load.loadUnit: plugins took 29.939509ms
[debug]           Load.loadUnit: defsScala took 0.003501ms
[debug] [Loading] Scanning directory /home/juba/Cours/PA/CaraMLTest/project
[debug] [Loading] Found non-root projects 
[debug] [Loading] Done in /home/juba/Cours/PA/CaraMLTest/project, returning: ()
[debug] deducing auto plugins based on known facts Set(Atom(sbt.plugins.CorePlugin)) and clauses Clauses(Clause(Atom(sbt.plugins.JvmPlugin),Set(Atom(sbt.plugins.IvyPlugin)))
[debug] Clause(Atom(sbt.ScriptedPlugin),Set(Atom(sbt.plugins.JvmPlugin)))
[debug] Clause(Atom(sbt.plugins.SbtPlugin),Set(Atom(sbt.ScriptedPlugin)))
[debug] Clause(Atom(sbt.plugins.SemanticdbPlugin),Set(Atom(sbt.plugins.JvmPlugin)))
[debug] Clause(Atom(sbt.plugins.JUnitXmlReportPlugin),Set(Atom(sbt.plugins.JvmPlugin)))
[debug] Clause(Atom(sbt.plugins.MiniDependencyTreePlugin),Set(Atom(sbt.plugins.JvmPlugin)))
[debug] Clause(Atom(sbt.plugins.CorePlugin),Set(Atom(sbt.plugins.IvyPlugin)))
[debug] Clause(Atom(sbt.plugins.IvyPlugin),Set(Atom(sbt.plugins.JvmPlugin)))
[debug] Clause(Atom(sbt.plugins.JvmPlugin),Set(Atom(sbt.plugins.SemanticdbPlugin)))
[debug] Clause(Atom(sbt.plugins.JvmPlugin),Set(Atom(sbt.plugins.JUnitXmlReportPlugin)))
[debug] Clause(Atom(sbt.plugins.CorePlugin),Set(Atom(sbt.plugins.Giter8TemplatePlugin)))
[debug] Clause(Atom(sbt.plugins.JvmPlugin),Set(Atom(sbt.plugins.MiniDependencyTreePlugin))))
[debug]   :: deduced result: Matched(sbt.plugins.CorePlugin,sbt.plugins.Giter8TemplatePlugin,sbt.plugins.IvyPlugin,sbt.plugins.JvmPlugin,sbt.plugins.MiniDependencyTreePlugin,sbt.plugins.JUnitXmlReportPlugin,sbt.plugins.SemanticdbPlugin)
[debug] Plugins.deducer#function took 2.142479 ms
[debug]               Load.resolveProject(caramltest-build) took 0.849816ms
[debug]             Load.loadTransitive: finalizeProject(Project(id caramltest-build, base: /home/juba/Cours/PA/CaraMLTest/project, plugins: List(<none>))) took 3.521147ms
[debug] [Loading] Done in /home/juba/Cours/PA/CaraMLTest/project, returning: (caramltest-build)
[debug]           Load.loadUnit: loadedProjectsRaw took 5.328976ms
[debug]           Load.loadUnit: cleanEvalClasses took 0.010746ms
[debug]         Load.loadUnit(file:/home/juba/Cours/PA/CaraMLTest/project/, ...) took 35.866089ms
[debug]       Load.apply: load took 37.118623ms
[debug]       Load.apply: resolveProjects took 0.130939ms
[debug]       Load.apply: finalTransforms took 11.086275ms
[debug]       Load.apply: config.delegates took 0.427328ms
[debug]       Load.apply: Def.make(settings)... took 72.039493ms
[debug]       Load.apply: structureIndex took 29.345299ms
[debug]       Load.apply: mkStreams took 0.002233ms
[info] loading project definition from /home/juba/Cours/PA/CaraMLTest/project
[debug] Running task... Cancel: Signal, check cycles: false, forcegc: true
[debug]     Load.loadUnit: plugins took 277.391103ms
[debug]     Load.loadUnit: defsScala took 0.004409ms
[debug] [Loading] Scanning directory /home/juba/Cours/PA/CaraMLTest
[debug]       Load.loadUnit: mkEval took 6.724688ms
[debug] [Loading] Found root project caraMLTest w/ remaining 
[debug] deducing auto plugins based on known facts Set(Atom(sbt.plugins.CorePlugin)) and clauses Clauses(Clause(Atom(sbt.plugins.JvmPlugin),Set(Atom(sbt.plugins.IvyPlugin)))
[debug] Clause(Atom(sbt.ScriptedPlugin),Set(Atom(sbt.plugins.JvmPlugin)))
[debug] Clause(Atom(sbt.plugins.SbtPlugin),Set(Atom(sbt.ScriptedPlugin)))
[debug] Clause(Atom(sbt.plugins.SemanticdbPlugin),Set(Atom(sbt.plugins.JvmPlugin)))
[debug] Clause(Atom(sbt.plugins.JUnitXmlReportPlugin),Set(Atom(sbt.plugins.JvmPlugin)))
[debug] Clause(Atom(sbt.plugins.MiniDependencyTreePlugin),Set(Atom(sbt.plugins.JvmPlugin)))
[debug] Clause(Atom(sbt.plugins.CorePlugin),Set(Atom(sbt.plugins.IvyPlugin)))
[debug] Clause(Atom(sbt.plugins.IvyPlugin),Set(Atom(sbt.plugins.JvmPlugin)))
[debug] Clause(Atom(sbt.plugins.JvmPlugin),Set(Atom(sbt.plugins.SemanticdbPlugin)))
[debug] Clause(Atom(sbt.plugins.JvmPlugin),Set(Atom(sbt.plugins.JUnitXmlReportPlugin)))
[debug] Clause(Atom(sbt.plugins.CorePlugin),Set(Atom(sbt.plugins.Giter8TemplatePlugin)))
[debug] Clause(Atom(sbt.plugins.JvmPlugin),Set(Atom(sbt.plugins.MiniDependencyTreePlugin))))
[debug]   :: deduced result: Matched(sbt.plugins.CorePlugin,sbt.plugins.Giter8TemplatePlugin,sbt.plugins.IvyPlugin,sbt.plugins.JvmPlugin,sbt.plugins.MiniDependencyTreePlugin,sbt.plugins.JUnitXmlReportPlugin,sbt.plugins.SemanticdbPlugin)
[debug] Plugins.deducer#function took 1.318421 ms
[info] loading settings for project caraMLTest from build.sbt ...
[debug]         Load.resolveProject(caraMLTest) took 1.710767ms
[debug]       Load.loadTransitive: finalizeProject(Project(id caraMLTest, base: /home/juba/Cours/PA/CaraMLTest, plugins: List(<none>))) took 3.826094ms
[debug] [Loading] Done in /home/juba/Cours/PA/CaraMLTest, returning: (caraMLTest)
[debug]     Load.loadUnit: loadedProjectsRaw took 178.114018ms
[debug]     Load.loadUnit: cleanEvalClasses took 3.440808ms
[debug]   Load.loadUnit(file:/home/juba/Cours/PA/CaraMLTest/, ...) took 459.676838ms
[debug] Load.apply: load took 460.769694ms
[debug] Load.apply: resolveProjects took 0.122058ms
[debug] Load.apply: finalTransforms took 6.230581ms
[debug] Load.apply: config.delegates took 0.291358ms
[debug] Load.apply: Def.make(settings)... took 63.767087ms
[debug] Load.apply: structureIndex took 18.026078ms
[debug] Load.apply: mkStreams took 0.002454ms
[info] set current project to CaraMLTest (in build file:/home/juba/Cours/PA/CaraMLTest/)
[debug] > Exec(sbtPopOnFailure, None, None)
[debug] > Exec(resumeFromFailure, None, None)
[debug] > Exec(notifyUsersAboutShell, None, None)
[debug] > Exec(iflast shell, None, None)
[debug] > Exec(shell, None, None)
[info] sbt server started at local:///home/juba/.sbt/1.0/server/7927b22549f54981e0d7/sock
[debug] Writing bsp connection file
[info] started sbt server
